This file contains any messages produced by compilers while
running configure, to aid debugging if configure makes a mistake.

It was created by configure, which was
generated by GNU Autoconf 2.67.  Invocation command line was

  $ ./configure 

## --------- ##
## Platform. ##
## --------- ##

hostname = huangyiqinde-MacBook-Air.local
uname -m = x86_64
uname -r = 17.7.0
uname -s = Darwin
uname -v = Darwin Kernel Version 17.7.0: Thu Jun 21 22:53:14 PDT 2018; root:xnu-4570.71.2~1/RELEASE_X86_64

/usr/bin/uname -p = i386
/bin/uname -X     = unknown

/bin/arch              = unknown
/usr/bin/arch -k       = unknown
/usr/convex/getsysinfo = unknown
/usr/bin/hostinfo      = Mach kernel version:
	 Darwin Kernel Version 17.7.0: Thu Jun 21 22:53:14 PDT 2018; root:xnu-4570.71.2~1/RELEASE_X86_64
Kernel configured for up to 4 processors.
2 processors are physically available.
4 processors are logically available.
Processor type: x86_64h (Intel x86-64h Haswell)
Processors active: 0 1 2 3
Primary memory available: 8.00 gigabytes
Default processor set: 386 tasks, 1962 threads, 4 processors
Load average: 1.72, Mach factor: 2.28
/bin/machine           = unknown
/usr/bin/oslevel       = unknown
/bin/universe          = unknown

PATH: /Users/ctps930080/djangogirls_venv/bin
PATH: /Library/Frameworks/Python.framework/Versions/3.7/bin
PATH: /Library/Frameworks/Python.framework/Versions/2.7/bin
PATH: /usr/local/bin
PATH: /usr/bin
PATH: /bin
PATH: /usr/sbin
PATH: /sbin
PATH: /Library/Frameworks/Mono.framework/Versions/Current/Commands
PATH: /Applications/Postgres.app/Contents/Versions/latest/bin


## ----------- ##
## Core tests. ##
## ----------- ##

configure:2600: checking build system type
configure:2614: result: x86_64-apple-darwin17.7.0
configure:2634: checking host system type
configure:2647: result: x86_64-apple-darwin17.7.0
configure:2667: checking target system type
configure:2680: result: x86_64-apple-darwin17.7.0
configure:2742: checking for a BSD-compatible install
configure:2810: result: /usr/bin/install -c
configure:2821: checking whether build environment is sane
configure:2871: result: yes
configure:3012: checking for a thread-safe mkdir -p
configure:3051: result: ./install-sh -c -d
configure:3064: checking for gawk
configure:3094: result: no
configure:3064: checking for mawk
configure:3094: result: no
configure:3064: checking for nawk
configure:3094: result: no
configure:3064: checking for awk
configure:3080: found /usr/bin/awk
configure:3091: result: awk
configure:3102: checking whether make sets $(MAKE)
configure:3124: result: yes
configure:3196: checking whether to enable maintainer-specific portions of Makefiles
configure:3205: result: no
configure:3268: checking for gcc
configure:3284: found /usr/bin/gcc
configure:3295: result: gcc
configure:3524: checking for C compiler version
configure:3533: gcc --version >&5
Apple LLVM version 9.1.0 (clang-902.0.39.2)
Target: x86_64-apple-darwin17.7.0
Thread model: posix
InstalledDir: /Library/Developer/CommandLineTools/usr/bin
Configured with: --prefix=/Library/Developer/CommandLineTools/usr --with-gxx-include-dir=/usr/include/c++/4.2.1
configure:3544: $? = 0
configure:3533: gcc -v >&5
Configured with: --prefix=/Library/Developer/CommandLineTools/usr --with-gxx-include-dir=/usr/include/c++/4.2.1
Apple LLVM version 9.1.0 (clang-902.0.39.2)
Target: x86_64-apple-darwin17.7.0
Thread model: posix
InstalledDir: /Library/Developer/CommandLineTools/usr/bin
configure:3544: $? = 0
configure:3533: gcc -V >&5
clang: error: argument to '-V' is missing (expected 1 value)
clang: error: no input files
configure:3544: $? = 1
configure:3533: gcc -qversion >&5
clang: error: unknown argument: '-qversion'
clang: error: no input files
configure:3544: $? = 1
configure:3564: checking whether the C compiler works
configure:3586: gcc    conftest.c  >&5
configure:3590: $? = 0
configure:3638: result: yes
configure:3641: checking for C compiler default output file name
configure:3643: result: a.out
configure:3649: checking for suffix of executables
configure:3656: gcc -o conftest    conftest.c  >&5
configure:3660: $? = 0
configure:3682: result: 
configure:3704: checking whether we are cross compiling
configure:3712: gcc -o conftest    conftest.c  >&5
configure:3716: $? = 0
configure:3723: ./conftest
configure:3727: $? = 0
configure:3742: result: no
configure:3747: checking for suffix of object files
configure:3769: gcc -c   conftest.c >&5
configure:3773: $? = 0
configure:3794: result: o
configure:3798: checking whether we are using the GNU C compiler
configure:3817: gcc -c   conftest.c >&5
configure:3817: $? = 0
configure:3826: result: yes
configure:3835: checking whether gcc accepts -g
configure:3855: gcc -c -g  conftest.c >&5
configure:3855: $? = 0
configure:3896: result: yes
configure:3913: checking for gcc option to accept ISO C89
configure:3977: gcc  -c -g -O2  conftest.c >&5
configure:3977: $? = 0
configure:3990: result: none needed
configure:4021: checking for style of include used by make
configure:4049: result: GNU
configure:4074: checking dependency style of gcc
configure:4184: result: gcc3
configure:4532: checking for a sed that does not truncate output
configure:4596: result: /usr/bin/sed
configure:4614: checking for grep that handles long lines and -e
configure:4672: result: /usr/bin/grep
configure:4677: checking for egrep
configure:4739: result: /usr/bin/grep -E
configure:4744: checking for fgrep
configure:4806: result: /usr/bin/grep -F
configure:4841: checking for ld used by gcc
configure:4908: result: /Library/Developer/CommandLineTools/usr/bin/ld
configure:4915: checking if the linker (/Library/Developer/CommandLineTools/usr/bin/ld) is GNU ld
configure:4930: result: no
configure:4942: checking for BSD- or MS-compatible name lister (nm)
configure:4991: result: /usr/bin/nm -B
configure:5109: checking the name lister (/usr/bin/nm -B) interface
configure:5116: gcc -c -g -O2  conftest.c >&5
configure:5119: /usr/bin/nm -B "conftest.o"
configure:5122: output
00000000000001dc S _some_variable
configure:5129: result: BSD nm
configure:5132: checking whether ln -s works
configure:5136: result: yes
configure:5144: checking the maximum length of command line arguments
configure:5264: result: 196608
configure:5281: checking whether the shell understands some XSI constructs
configure:5291: result: yes
configure:5295: checking whether the shell understands "+="
configure:5301: result: yes
configure:5336: checking for /Library/Developer/CommandLineTools/usr/bin/ld option to reload object files
configure:5343: result: -r
configure:5412: checking for objdump
configure:5439: result: objdump
configure:5468: checking how to recognize dependent libraries
configure:5664: result: pass_all
configure:5724: checking for ar
configure:5740: found /usr/bin/ar
configure:5751: result: ar
configure:5829: checking for strip
configure:5845: found /usr/bin/strip
configure:5856: result: strip
configure:5928: checking for ranlib
configure:5944: found /usr/bin/ranlib
configure:5955: result: ranlib
configure:6045: checking command to parse /usr/bin/nm -B output from gcc object
configure:6163: gcc -c -g -O2  conftest.c >&5
configure:6166: $? = 0
configure:6170: /usr/bin/nm -B conftest.o \| sed -n -e 's/^.*[	 ]\([BCDEGRST][BCDEGRST]*\)[	 ][	 ]*\([_A-Za-z][_A-Za-z0-9]*\)$/\1 \2 \2/p' \> conftest.nm
configure:6173: $? = 0
cannot find nm_test_var in conftest.nm
configure:6163: gcc -c -g -O2  conftest.c >&5
configure:6166: $? = 0
configure:6170: /usr/bin/nm -B conftest.o \| sed -n -e 's/^.*[	 ]\([BCDEGRST][BCDEGRST]*\)[	 ][	 ]*_\([_A-Za-z][_A-Za-z0-9]*\)$/\1 _\2 \2/p' \> conftest.nm
configure:6173: $? = 0
configure:6227: gcc -o conftest -g -O2   conftest.c conftstm.o >&5
warning: (x86_64)  could not find object file symbol for symbol _main
configure:6230: $? = 0
configure:6268: result: ok
configure:6533: checking for dsymutil
configure:6549: found /usr/bin/dsymutil
configure:6560: result: dsymutil
configure:6625: checking for nmedit
configure:6641: found /usr/bin/nmedit
configure:6652: result: nmedit
configure:6717: checking for lipo
configure:6733: found /usr/bin/lipo
configure:6744: result: lipo
configure:6809: checking for otool
configure:6825: found /usr/bin/otool
configure:6836: result: otool
configure:6901: checking for otool64
configure:6931: result: no
configure:6976: checking for -single_module linker flag
gcc -g -O2  -o libconftest.dylib -dynamiclib -Wl,-single_module conftest.c
configure:7003: result: yes
configure:7005: checking for -exported_symbols_list linker flag
configure:7025: gcc -o conftest -g -O2   -Wl,-exported_symbols_list,conftest.sym conftest.c  >&5
configure:7025: $? = 0
configure:7035: result: yes
configure:7077: checking how to run the C preprocessor
configure:7108: gcc -E  conftest.c
configure:7108: $? = 0
configure:7122: gcc -E  conftest.c
conftest.c:9:10: fatal error: 'ac_nonexistent.h' file not found
#include <ac_nonexistent.h>
         ^~~~~~~~~~~~~~~~~~
1 error generated.
configure:7122: $? = 1
configure: failed program was:
| /* confdefs.h */
| #define PACKAGE_NAME ""
| #define PACKAGE_TARNAME ""
| #define PACKAGE_VERSION ""
| #define PACKAGE_STRING ""
| #define PACKAGE_BUGREPORT ""
| #define PACKAGE_URL ""
| /* end confdefs.h.  */
| #include <ac_nonexistent.h>
configure:7147: result: gcc -E
configure:7167: gcc -E  conftest.c
configure:7167: $? = 0
configure:7181: gcc -E  conftest.c
conftest.c:9:10: fatal error: 'ac_nonexistent.h' file not found
#include <ac_nonexistent.h>
         ^~~~~~~~~~~~~~~~~~
1 error generated.
configure:7181: $? = 1
configure: failed program was:
| /* confdefs.h */
| #define PACKAGE_NAME ""
| #define PACKAGE_TARNAME ""
| #define PACKAGE_VERSION ""
| #define PACKAGE_STRING ""
| #define PACKAGE_BUGREPORT ""
| #define PACKAGE_URL ""
| /* end confdefs.h.  */
| #include <ac_nonexistent.h>
configure:7210: checking for ANSI C header files
configure:7230: gcc -c -g -O2  conftest.c >&5
configure:7230: $? = 0
configure:7303: gcc -o conftest -g -O2   conftest.c  >&5
configure:7303: $? = 0
configure:7303: ./conftest
configure:7303: $? = 0
configure:7314: result: yes
configure:7327: checking for sys/types.h
configure:7327: gcc -c -g -O2  conftest.c >&5
configure:7327: $? = 0
configure:7327: result: yes
configure:7327: checking for sys/stat.h
configure:7327: gcc -c -g -O2  conftest.c >&5
configure:7327: $? = 0
configure:7327: result: yes
configure:7327: checking for stdlib.h
configure:7327: gcc -c -g -O2  conftest.c >&5
configure:7327: $? = 0
configure:7327: result: yes
configure:7327: checking for string.h
configure:7327: gcc -c -g -O2  conftest.c >&5
configure:7327: $? = 0
configure:7327: result: yes
configure:7327: checking for memory.h
configure:7327: gcc -c -g -O2  conftest.c >&5
configure:7327: $? = 0
configure:7327: result: yes
configure:7327: checking for strings.h
configure:7327: gcc -c -g -O2  conftest.c >&5
configure:7327: $? = 0
configure:7327: result: yes
configure:7327: checking for inttypes.h
configure:7327: gcc -c -g -O2  conftest.c >&5
configure:7327: $? = 0
configure:7327: result: yes
configure:7327: checking for stdint.h
configure:7327: gcc -c -g -O2  conftest.c >&5
configure:7327: $? = 0
configure:7327: result: yes
configure:7327: checking for unistd.h
configure:7327: gcc -c -g -O2  conftest.c >&5
configure:7327: $? = 0
configure:7327: result: yes
configure:7341: checking for dlfcn.h
configure:7341: gcc -c -g -O2  conftest.c >&5
configure:7341: $? = 0
configure:7341: result: yes
configure:7521: checking for objdir
configure:7536: result: .libs
configure:7832: checking if gcc supports -fno-rtti -fno-exceptions
configure:7850: gcc -c -g -O2  -fno-rtti -fno-exceptions conftest.c >&5
configure:7854: $? = 0
configure:7867: result: yes
configure:7887: checking for gcc option to produce PIC
configure:8159: result: -fno-common -DPIC
configure:8171: checking if gcc PIC flag -fno-common -DPIC works
configure:8189: gcc -c -g -O2  -fno-common -DPIC -DPIC conftest.c >&5
configure:8193: $? = 0
configure:8206: result: yes
configure:8230: checking if gcc static flag -static works
configure:8258: result: no
configure:8273: checking if gcc supports -c -o file.o
configure:8294: gcc -c -g -O2  -o out/conftest2.o conftest.c >&5
configure:8298: $? = 0
configure:8320: result: yes
configure:8328: checking if gcc supports -c -o file.o
configure:8375: result: yes
configure:8408: checking whether the gcc linker (/Library/Developer/CommandLineTools/usr/bin/ld) supports shared libraries
configure:9399: result: yes
configure:9638: checking dynamic linker characteristics
configure:10301: result: darwin17.7.0 dyld
configure:10403: checking how to hardcode library paths into programs
configure:10428: result: immediate
configure:10473: checking for dlopen in -ldl
configure:10498: gcc -o conftest -g -O2   conftest.c -ldl   >&5
configure:10498: $? = 0
configure:10507: result: yes
configure:10722: checking whether a program can dlopen itself
configure:10792: gcc -o conftest -g -O2  -DHAVE_DLFCN_H   conftest.c -ldl  >&5
configure:10795: $? = 0
configure:10813: result: yes
configure:10818: checking whether a statically linked program can dlopen itself
configure:10888: gcc -o conftest -g -O2  -DHAVE_DLFCN_H    conftest.c -ldl  >&5
configure:10891: $? = 0
configure:10909: result: yes
configure:10948: checking whether stripping libraries is possible
configure:10962: result: yes
configure:10988: checking if libtool supports shared libraries
configure:10990: result: yes
configure:10993: checking whether to build shared libraries
configure:11014: result: yes
configure:11017: checking whether to build static libraries
configure:11021: result: yes
configure:11115: checking for g++
configure:11131: found /usr/bin/g++
configure:11142: result: g++
configure:11169: checking for C++ compiler version
configure:11178: g++ --version >&5
Apple LLVM version 9.1.0 (clang-902.0.39.2)
Target: x86_64-apple-darwin17.7.0
Thread model: posix
InstalledDir: /Library/Developer/CommandLineTools/usr/bin
Configured with: --prefix=/Library/Developer/CommandLineTools/usr --with-gxx-include-dir=/usr/include/c++/4.2.1
configure:11189: $? = 0
configure:11178: g++ -v >&5
Configured with: --prefix=/Library/Developer/CommandLineTools/usr --with-gxx-include-dir=/usr/include/c++/4.2.1
Apple LLVM version 9.1.0 (clang-902.0.39.2)
Target: x86_64-apple-darwin17.7.0
Thread model: posix
InstalledDir: /Library/Developer/CommandLineTools/usr/bin
configure:11189: $? = 0
configure:11178: g++ -V >&5
clang: error: argument to '-V' is missing (expected 1 value)
clang: error: no input files
configure:11189: $? = 1
configure:11178: g++ -qversion >&5
clang: error: unknown argument: '-qversion'
clang: error: no input files
configure:11189: $? = 1
configure:11193: checking whether we are using the GNU C++ compiler
configure:11212: g++ -c   conftest.cpp >&5
configure:11212: $? = 0
configure:11221: result: yes
configure:11230: checking whether g++ accepts -g
configure:11250: g++ -c -g  conftest.cpp >&5
configure:11250: $? = 0
configure:11291: result: yes
configure:11316: checking dependency style of g++
configure:11426: result: gcc3
configure:11554: checking for C++ compiler version
configure:11563: g++ --version >&5
Apple LLVM version 9.1.0 (clang-902.0.39.2)
Target: x86_64-apple-darwin17.7.0
Thread model: posix
InstalledDir: /Library/Developer/CommandLineTools/usr/bin
Configured with: --prefix=/Library/Developer/CommandLineTools/usr --with-gxx-include-dir=/usr/include/c++/4.2.1
configure:11574: $? = 0
configure:11563: g++ -v >&5
Configured with: --prefix=/Library/Developer/CommandLineTools/usr --with-gxx-include-dir=/usr/include/c++/4.2.1
Apple LLVM version 9.1.0 (clang-902.0.39.2)
Target: x86_64-apple-darwin17.7.0
Thread model: posix
InstalledDir: /Library/Developer/CommandLineTools/usr/bin
configure:11574: $? = 0
configure:11563: g++ -V >&5
clang: error: argument to '-V' is missing (expected 1 value)
clang: error: no input files
configure:11574: $? = 1
configure:11563: g++ -qversion >&5
clang: error: unknown argument: '-qversion'
clang: error: no input files
configure:11574: $? = 1
configure:11578: checking whether we are using the GNU C++ compiler
configure:11606: result: yes
configure:11615: checking whether g++ accepts -g
configure:11676: result: yes
configure:11701: checking dependency style of g++
configure:11811: result: gcc3
configure:11834: checking how to run the C++ preprocessor
configure:11861: g++ -E  conftest.cpp
configure:11861: $? = 0
configure:11875: g++ -E  conftest.cpp
conftest.cpp:21:10: fatal error: 'ac_nonexistent.h' file not found
#include <ac_nonexistent.h>
         ^~~~~~~~~~~~~~~~~~
1 error generated.
configure:11875: $? = 1
configure: failed program was:
| /* confdefs.h */
| #define PACKAGE_NAME ""
| #define PACKAGE_TARNAME ""
| #define PACKAGE_VERSION ""
| #define PACKAGE_STRING ""
| #define PACKAGE_BUGREPORT ""
| #define PACKAGE_URL ""
| #define STDC_HEADERS 1
| #define HAVE_SYS_TYPES_H 1
| #define HAVE_SYS_STAT_H 1
| #define HAVE_STDLIB_H 1
| #define HAVE_STRING_H 1
| #define HAVE_MEMORY_H 1
| #define HAVE_STRINGS_H 1
| #define HAVE_INTTYPES_H 1
| #define HAVE_STDINT_H 1
| #define HAVE_UNISTD_H 1
| #define HAVE_DLFCN_H 1
| #define LT_OBJDIR ".libs/"
| /* end confdefs.h.  */
| #include <ac_nonexistent.h>
configure:11900: result: g++ -E
configure:11920: g++ -E  conftest.cpp
configure:11920: $? = 0
configure:11934: g++ -E  conftest.cpp
conftest.cpp:21:10: fatal error: 'ac_nonexistent.h' file not found
#include <ac_nonexistent.h>
         ^~~~~~~~~~~~~~~~~~
1 error generated.
configure:11934: $? = 1
configure: failed program was:
| /* confdefs.h */
| #define PACKAGE_NAME ""
| #define PACKAGE_TARNAME ""
| #define PACKAGE_VERSION ""
| #define PACKAGE_STRING ""
| #define PACKAGE_BUGREPORT ""
| #define PACKAGE_URL ""
| #define STDC_HEADERS 1
| #define HAVE_SYS_TYPES_H 1
| #define HAVE_SYS_STAT_H 1
| #define HAVE_STDLIB_H 1
| #define HAVE_STRING_H 1
| #define HAVE_MEMORY_H 1
| #define HAVE_STRINGS_H 1
| #define HAVE_INTTYPES_H 1
| #define HAVE_STDINT_H 1
| #define HAVE_UNISTD_H 1
| #define HAVE_DLFCN_H 1
| #define LT_OBJDIR ".libs/"
| /* end confdefs.h.  */
| #include <ac_nonexistent.h>
configure:12102: checking for ld used by g++
configure:12169: result: /Library/Developer/CommandLineTools/usr/bin/ld
configure:12176: checking if the linker (/Library/Developer/CommandLineTools/usr/bin/ld) is GNU ld
configure:12191: result: no
configure:12246: checking whether the g++ linker (/Library/Developer/CommandLineTools/usr/bin/ld) supports shared libraries
configure:13159: result: yes
configure:13187: g++ -c -g -O2  conftest.cpp >&5
configure:13190: $? = 0
configure:13372: checking for g++ option to produce PIC
configure:13689: result: -fno-common -DPIC
configure:13698: checking if g++ PIC flag -fno-common -DPIC works
configure:13716: g++ -c -g -O2  -fno-common -DPIC -DPIC conftest.cpp >&5
configure:13720: $? = 0
configure:13733: result: yes
configure:13754: checking if g++ static flag -static works
configure:13782: result: no
configure:13794: checking if g++ supports -c -o file.o
configure:13815: g++ -c -g -O2  -o out/conftest2.o conftest.cpp >&5
configure:13819: $? = 0
configure:13841: result: yes
configure:13846: checking if g++ supports -c -o file.o
configure:13893: result: yes
configure:13923: checking whether the g++ linker (/Library/Developer/CommandLineTools/usr/bin/ld) supports shared libraries
configure:13952: result: yes
configure:14089: checking dynamic linker characteristics
configure:14700: result: darwin17.7.0 dyld
configure:14751: checking how to hardcode library paths into programs
configure:14776: result: immediate
configure:14815: checking for library containing strerror
configure:14846: gcc -o conftest -g -O2   conftest.c  >&5
conftest.c:28:6: warning: incompatible redeclaration of library function 'strerror' [-Wincompatible-library-redeclaration]
char strerror ();
     ^
conftest.c:28:6: note: 'strerror' is a builtin with type 'char *(int)'
1 warning generated.
configure:14846: $? = 0
configure:14863: result: none required
configure:14872: checking whether make sets $(MAKE)
configure:14894: result: yes
configure:14907: checking for dirent.h that defines DIR
configure:14926: gcc -c -g -O2  conftest.c >&5
configure:14926: $? = 0
configure:14934: result: yes
configure:14947: checking for library containing opendir
configure:14978: gcc -o conftest -g -O2   conftest.c  >&5
configure:14978: $? = 0
configure:14995: result: none required
configure:15062: checking whether closedir returns void
configure:15086: gcc -o conftest -g -O2   conftest.c  >&5
configure:15086: $? = 0
configure:15086: ./conftest
configure:15086: $? = 0
configure:15096: result: no
configure:15104: checking for working memcmp
configure:15147: gcc -o conftest -g -O2   conftest.c  >&5
configure:15147: $? = 0
configure:15147: ./conftest
configure:15147: $? = 0
configure:15157: result: yes
configure:15168: checking for strftime
configure:15168: gcc -o conftest -g -O2   conftest.c  >&5
configure:15168: $? = 0
configure:15168: result: yes
configure:15223: checking for vprintf
configure:15223: gcc -o conftest -g -O2   conftest.c  >&5
conftest.c:46:6: warning: incompatible redeclaration of library function 'vprintf' [-Wincompatible-library-redeclaration]
char vprintf ();
     ^
conftest.c:46:6: note: 'vprintf' is a builtin with type 'int (const char *, struct __va_list_tag *)'
1 warning generated.
configure:15223: $? = 0
configure:15223: result: yes
configure:15229: checking for _doprnt
configure:15229: gcc -o conftest -g -O2   conftest.c  >&5
Undefined symbols for architecture x86_64:
  "__doprnt", referenced from:
      _main in conftest-b65f8a.o
ld: symbol(s) not found for architecture x86_64
clang: error: linker command failed with exit code 1 (use -v to see invocation)
configure:15229: $? = 1
configure: failed program was:
| /* confdefs.h */
| #define PACKAGE_NAME ""
| #define PACKAGE_TARNAME ""
| #define PACKAGE_VERSION ""
| #define PACKAGE_STRING ""
| #define PACKAGE_BUGREPORT ""
| #define PACKAGE_URL ""
| #define STDC_HEADERS 1
| #define HAVE_SYS_TYPES_H 1
| #define HAVE_SYS_STAT_H 1
| #define HAVE_STDLIB_H 1
| #define HAVE_STRING_H 1
| #define HAVE_MEMORY_H 1
| #define HAVE_STRINGS_H 1
| #define HAVE_INTTYPES_H 1
| #define HAVE_STDINT_H 1
| #define HAVE_UNISTD_H 1
| #define HAVE_DLFCN_H 1
| #define LT_OBJDIR ".libs/"
| #define HAVE_DIRENT_H 1
| #define HAVE_STRFTIME 1
| #define HAVE_VPRINTF 1
| /* end confdefs.h.  */
| /* Define _doprnt to an innocuous variant, in case <limits.h> declares _doprnt.
|    For example, HP-UX 11i <limits.h> declares gettimeofday.  */
| #define _doprnt innocuous__doprnt
| 
| /* System header to define __stub macros and hopefully few prototypes,
|     which can conflict with char _doprnt (); below.
|     Prefer <limits.h> to <assert.h> if __STDC__ is defined, since
|     <limits.h> exists even on freestanding compilers.  */
| 
| #ifdef __STDC__
| # include <limits.h>
| #else
| # include <assert.h>
| #endif
| 
| #undef _doprnt
| 
| /* Override any GCC internal prototype to avoid an error.
|    Use char because int might match the return type of a GCC
|    builtin and then its argument prototype would still apply.  */
| #ifdef __cplusplus
| extern "C"
| #endif
| char _doprnt ();
| /* The GNU C library defines this for functions which it implements
|     to always fail with ENOSYS.  Some functions are actually named
|     something starting with __ and the normal name is an alias.  */
| #if defined __stub__doprnt || defined __stub____doprnt
| choke me
| #endif
| 
| int
| main ()
| {
| return _doprnt ();
|   ;
|   return 0;
| }
configure:15229: result: no
configure:15242: checking for working alloca.h
configure:15259: gcc -o conftest -g -O2   conftest.c  >&5
configure:15259: $? = 0
configure:15267: result: yes
configure:15275: checking for alloca
configure:15312: gcc -o conftest -g -O2   conftest.c  >&5
configure:15312: $? = 0
configure:15320: result: yes
configure:15432: checking for dirent.h that defines DIR
configure:15459: result: yes
configure:15472: checking for library containing opendir
configure:15520: result: none required
configure:15587: checking for ANSI C header files
configure:15691: result: yes
configure:15701: checking for memory.h
configure:15701: result: yes
configure:15713: checking for unistd.h
configure:15713: result: yes
configure:15725: checking ieeefp.h usability
configure:15725: gcc -c -g -O2  conftest.c >&5
conftest.c:63:10: fatal error: 'ieeefp.h' file not found
#include <ieeefp.h>
         ^~~~~~~~~~
1 error generated.
configure:15725: $? = 1
configure: failed program was:
| /* confdefs.h */
| #define PACKAGE_NAME ""
| #define PACKAGE_TARNAME ""
| #define PACKAGE_VERSION ""
| #define PACKAGE_STRING ""
| #define PACKAGE_BUGREPORT ""
| #define PACKAGE_URL ""
| #define STDC_HEADERS 1
| #define HAVE_SYS_TYPES_H 1
| #define HAVE_SYS_STAT_H 1
| #define HAVE_STDLIB_H 1
| #define HAVE_STRING_H 1
| #define HAVE_MEMORY_H 1
| #define HAVE_STRINGS_H 1
| #define HAVE_INTTYPES_H 1
| #define HAVE_STDINT_H 1
| #define HAVE_UNISTD_H 1
| #define HAVE_DLFCN_H 1
| #define LT_OBJDIR ".libs/"
| #define HAVE_DIRENT_H 1
| #define HAVE_STRFTIME 1
| #define HAVE_VPRINTF 1
| #define HAVE_ALLOCA_H 1
| #define HAVE_ALLOCA 1
| #define HAVE_DIRENT_H 1
| #define STDC_HEADERS 1
| #define HAVE_MEMORY_H 1
| #define HAVE_UNISTD_H 1
| /* end confdefs.h.  */
| #include <stdio.h>
| #ifdef HAVE_SYS_TYPES_H
| # include <sys/types.h>
| #endif
| #ifdef HAVE_SYS_STAT_H
| # include <sys/stat.h>
| #endif
| #ifdef STDC_HEADERS
| # include <stdlib.h>
| # include <stddef.h>
| #else
| # ifdef HAVE_STDLIB_H
| #  include <stdlib.h>
| # endif
| #endif
| #ifdef HAVE_STRING_H
| # if !defined STDC_HEADERS && defined HAVE_MEMORY_H
| #  include <memory.h>
| # endif
| # include <string.h>
| #endif
| #ifdef HAVE_STRINGS_H
| # include <strings.h>
| #endif
| #ifdef HAVE_INTTYPES_H
| # include <inttypes.h>
| #endif
| #ifdef HAVE_STDINT_H
| # include <stdint.h>
| #endif
| #ifdef HAVE_UNISTD_H
| # include <unistd.h>
| #endif
| #include <ieeefp.h>
configure:15725: result: no
configure:15725: checking ieeefp.h presence
configure:15725: gcc -E  conftest.c
conftest.c:30:10: fatal error: 'ieeefp.h' file not found
#include <ieeefp.h>
         ^~~~~~~~~~
1 error generated.
configure:15725: $? = 1
configure: failed program was:
| /* confdefs.h */
| #define PACKAGE_NAME ""
| #define PACKAGE_TARNAME ""
| #define PACKAGE_VERSION ""
| #define PACKAGE_STRING ""
| #define PACKAGE_BUGREPORT ""
| #define PACKAGE_URL ""
| #define STDC_HEADERS 1
| #define HAVE_SYS_TYPES_H 1
| #define HAVE_SYS_STAT_H 1
| #define HAVE_STDLIB_H 1
| #define HAVE_STRING_H 1
| #define HAVE_MEMORY_H 1
| #define HAVE_STRINGS_H 1
| #define HAVE_INTTYPES_H 1
| #define HAVE_STDINT_H 1
| #define HAVE_UNISTD_H 1
| #define HAVE_DLFCN_H 1
| #define LT_OBJDIR ".libs/"
| #define HAVE_DIRENT_H 1
| #define HAVE_STRFTIME 1
| #define HAVE_VPRINTF 1
| #define HAVE_ALLOCA_H 1
| #define HAVE_ALLOCA 1
| #define HAVE_DIRENT_H 1
| #define STDC_HEADERS 1
| #define HAVE_MEMORY_H 1
| #define HAVE_UNISTD_H 1
| /* end confdefs.h.  */
| #include <ieeefp.h>
configure:15725: result: no
configure:15725: checking for ieeefp.h
configure:15725: result: no
configure:15737: checking sys/file.h usability
configure:15737: gcc -c -g -O2  conftest.c >&5
configure:15737: $? = 0
configure:15737: result: yes
configure:15737: checking sys/file.h presence
configure:15737: gcc -E  conftest.c
configure:15737: $? = 0
configure:15737: result: yes
configure:15737: checking for sys/file.h
configure:15737: result: yes
configure:15749: checking sys/time.h usability
configure:15749: gcc -c -g -O2  conftest.c >&5
configure:15749: $? = 0
configure:15749: result: yes
configure:15749: checking sys/time.h presence
configure:15749: gcc -E  conftest.c
configure:15749: $? = 0
configure:15749: result: yes
configure:15749: checking for sys/time.h
configure:15749: result: yes
configure:15762: checking for strchr
configure:15762: gcc -o conftest -g -O2   conftest.c  >&5
conftest.c:55:6: warning: incompatible redeclaration of library function 'strchr' [-Wincompatible-library-redeclaration]
char strchr ();
     ^
conftest.c:55:6: note: 'strchr' is a builtin with type 'char *(const char *, int)'
1 warning generated.
configure:15762: $? = 0
configure:15762: result: yes
configure:15762: checking for memcpy
configure:15762: gcc -o conftest -g -O2   conftest.c  >&5
conftest.c:56:6: warning: incompatible redeclaration of library function 'memcpy' [-Wincompatible-library-redeclaration]
char memcpy ();
     ^
conftest.c:56:6: note: 'memcpy' is a builtin with type 'void *(void *, const void *, unsigned long)'
1 warning generated.
configure:15762: $? = 0
configure:15762: result: yes
configure:15762: checking for gettimeofday
configure:15762: gcc -o conftest -g -O2   conftest.c  >&5
configure:15762: $? = 0
configure:15762: result: yes
configure:15771: checking whether stat file-mode macros are broken
configure:15798: gcc -c -g -O2  conftest.c >&5
configure:15798: $? = 0
configure:15805: result: no
configure:15813: checking whether struct tm is in sys/time.h or time.h
configure:15833: gcc -c -g -O2  conftest.c >&5
configure:15833: $? = 0
configure:15840: result: time.h
configure:15848: checking for size_t
configure:15848: gcc -c -g -O2  conftest.c >&5
configure:15848: $? = 0
configure:15848: gcc -c -g -O2  conftest.c >&5
conftest.c:71:21: error: expected expression
if (sizeof ((size_t)))
                    ^
1 error generated.
configure:15848: $? = 1
configure: failed program was:
| /* confdefs.h */
| #define PACKAGE_NAME ""
| #define PACKAGE_TARNAME ""
| #define PACKAGE_VERSION ""
| #define PACKAGE_STRING ""
| #define PACKAGE_BUGREPORT ""
| #define PACKAGE_URL ""
| #define STDC_HEADERS 1
| #define HAVE_SYS_TYPES_H 1
| #define HAVE_SYS_STAT_H 1
| #define HAVE_STDLIB_H 1
| #define HAVE_STRING_H 1
| #define HAVE_MEMORY_H 1
| #define HAVE_STRINGS_H 1
| #define HAVE_INTTYPES_H 1
| #define HAVE_STDINT_H 1
| #define HAVE_UNISTD_H 1
| #define HAVE_DLFCN_H 1
| #define LT_OBJDIR ".libs/"
| #define HAVE_DIRENT_H 1
| #define HAVE_STRFTIME 1
| #define HAVE_VPRINTF 1
| #define HAVE_ALLOCA_H 1
| #define HAVE_ALLOCA 1
| #define HAVE_DIRENT_H 1
| #define STDC_HEADERS 1
| #define HAVE_MEMORY_H 1
| #define HAVE_UNISTD_H 1
| #define HAVE_SYS_FILE_H 1
| #define HAVE_SYS_TIME_H 1
| #define HAVE_STRCHR 1
| #define HAVE_MEMCPY 1
| #define HAVE_GETTIMEOFDAY 1
| /* end confdefs.h.  */
| #include <stdio.h>
| #ifdef HAVE_SYS_TYPES_H
| # include <sys/types.h>
| #endif
| #ifdef HAVE_SYS_STAT_H
| # include <sys/stat.h>
| #endif
| #ifdef STDC_HEADERS
| # include <stdlib.h>
| # include <stddef.h>
| #else
| # ifdef HAVE_STDLIB_H
| #  include <stdlib.h>
| # endif
| #endif
| #ifdef HAVE_STRING_H
| # if !defined STDC_HEADERS && defined HAVE_MEMORY_H
| #  include <memory.h>
| # endif
| # include <string.h>
| #endif
| #ifdef HAVE_STRINGS_H
| # include <strings.h>
| #endif
| #ifdef HAVE_INTTYPES_H
| # include <inttypes.h>
| #endif
| #ifdef HAVE_STDINT_H
| # include <stdint.h>
| #endif
| #ifdef HAVE_UNISTD_H
| # include <unistd.h>
| #endif
| int
| main ()
| {
| if (sizeof ((size_t)))
| 	    return 0;
|   ;
|   return 0;
| }
configure:15848: result: yes
configure:15859: checking for an ANSI C-conforming const
configure:15924: gcc -c -g -O2  conftest.c >&5
configure:15924: $? = 0
configure:15931: result: yes
configure:15982: checking if requested to force inline functions
configure:15989: result: yes
configure:15996: checking if requested to enable assert macros
configure:16003: result: yes
configure:16007: checking if requested libstdc++ debug mode
configure:16014: result: no
configure:16025: checking if g++ supports -pedantic
configure:16043: gcc -c -g -O2  -pedantic conftest.c >&5
configure:16047: $? = 0
configure:16060: result: yes
configure:16069: checking if g++ supports -Wall
configure:16087: gcc -c -g -O2  -Wall conftest.c >&5
configure:16091: $? = 0
configure:16104: result: yes
configure:16113: checking if g++ supports -ansi
configure:16131: gcc -c -g -O2  -ansi conftest.c >&5
configure:16135: $? = 0
configure:16148: result: yes
configure:16157: checking if g++ supports -Wno-long-long
configure:16175: gcc -c -g -O2  -Wno-long-long conftest.c >&5
configure:16179: $? = 0
configure:16192: result: yes
configure:16204: checking if g++ supports -ffloat-store
configure:16222: gcc -c -g -O2  -ffloat-store conftest.c >&5
clang: warning: optimization flag '-ffloat-store' is not supported [-Wignored-optimization-argument]
configure:16226: $? = 0
configure:16239: result: no
configure:16259: checking for finite
configure:16275: gcc -o conftest -g -O2   conftest.c  -lm >&5
conftest.c:39:22: warning: 'finite' is deprecated: first deprecated in macOS 10.9 [-Wdeprecated-declarations]
double x; int y; y = finite(x);
                     ^
/usr/include/math.h:757:12: note: 'finite' has been explicitly marked deprecated here
extern int finite(double) __OSX_AVAILABLE_BUT_DEPRECATED(__MAC_10_0, __MAC_10_9, __IPHONE_NA, __IPHONE_NA);
           ^
1 warning generated.
configure:16275: $? = 0
configure:16284: result: yes
configure:16292: checking for isfinite
configure:16308: gcc -o conftest -g -O2   conftest.c  -lm >&5
configure:16308: $? = 0
configure:16317: result: yes
configure:16332: checking for isnan
configure:16348: g++ -o conftest -g -O2   conftest.cpp  -lm >&5
configure:16348: $? = 0
configure:16357: result: yes
configure:16375: checking whether int64_t is 64 bits
configure:16434: gcc -o conftest -g -O2   conftest.c  >&5
conftest.c:38:9: error: unknown type name 'int64_t'
typedef int64_t ac_int64;
        ^
conftest.c:61:1: warning: type specifier missing, defaults to 'int' [-Wimplicit-int]
main() {
^
conftest.c:63:5: warning: implicitly declaring library function 'exit' with type 'void (int) __attribute__((noreturn))' [-Wimplicit-function-declaration]
    exit(0);
    ^
conftest.c:63:5: note: include the header <stdlib.h> or explicitly provide a declaration for 'exit'
2 warnings and 1 error generated.
configure:16434: $? = 1
configure: program exited with status 1
configure: failed program was:
| /* confdefs.h */
| #define PACKAGE_NAME ""
| #define PACKAGE_TARNAME ""
| #define PACKAGE_VERSION ""
| #define PACKAGE_STRING ""
| #define PACKAGE_BUGREPORT ""
| #define PACKAGE_URL ""
| #define STDC_HEADERS 1
| #define HAVE_SYS_TYPES_H 1
| #define HAVE_SYS_STAT_H 1
| #define HAVE_STDLIB_H 1
| #define HAVE_STRING_H 1
| #define HAVE_MEMORY_H 1
| #define HAVE_STRINGS_H 1
| #define HAVE_INTTYPES_H 1
| #define HAVE_STDINT_H 1
| #define HAVE_UNISTD_H 1
| #define HAVE_DLFCN_H 1
| #define LT_OBJDIR ".libs/"
| #define HAVE_DIRENT_H 1
| #define HAVE_STRFTIME 1
| #define HAVE_VPRINTF 1
| #define HAVE_ALLOCA_H 1
| #define HAVE_ALLOCA 1
| #define HAVE_DIRENT_H 1
| #define STDC_HEADERS 1
| #define HAVE_MEMORY_H 1
| #define HAVE_UNISTD_H 1
| #define HAVE_SYS_FILE_H 1
| #define HAVE_SYS_TIME_H 1
| #define HAVE_STRCHR 1
| #define HAVE_MEMCPY 1
| #define HAVE_GETTIMEOFDAY 1
| #define HAVE_FINITE 1
| #define HAVE_ISFINITE 1
| #define HAVE_ISNAN 1
| /* end confdefs.h.  */
| typedef int64_t ac_int64;
| 
| /*
|  * These are globals to discourage the compiler from folding all the
|  * arithmetic tests down to compile-time constants.
|  */
| ac_int64 a = 20000001;
| ac_int64 b = 40000005;
| 
| int does_int64_work()
| {
|   ac_int64 c,d;
| 
|   if (sizeof(ac_int64) != 8)
|     return 0;			/* definitely not the right size */
| 
|   /* Do perfunctory checks to see if 64-bit arithmetic seems to work */
|   c = a * b;
|   d = (c + b) / b;
|   if (d != a+1)
|     return 0;
|   return 1;
| }
| main() {
|   if (does_int64_work())
|     exit(0);
|   exit(-1);
| }
configure:16444: result: no
configure:16455: checking whether long int is 64 bits
configure:16514: gcc -o conftest -g -O2   conftest.c  >&5
conftest.c:61:1: warning: type specifier missing, defaults to 'int' [-Wimplicit-int]
main() {
^
conftest.c:63:5: warning: implicitly declaring library function 'exit' with type 'void (int) __attribute__((noreturn))' [-Wimplicit-function-declaration]
    exit(0);
    ^
conftest.c:63:5: note: include the header <stdlib.h> or explicitly provide a declaration for 'exit'
2 warnings generated.
configure:16514: $? = 0
configure:16514: ./conftest
configure:16514: $? = 0
configure:16524: result: yes
configure:17310: checking OS-specific settings
configure:17315: result: darwin17.7.0
configure:17317: checking for OS/X version
configure:17337: result: Mac OS X (Darwin 17.7.0 kernel)
configure:17520: creating ./config.status

## ---------------------- ##
## Running config.status. ##
## ---------------------- ##

This file was extended by config.status, which was
generated by GNU Autoconf 2.67.  Invocation command line was

  CONFIG_FILES    = 
  CONFIG_HEADERS  = 
  CONFIG_LINKS    = 
  CONFIG_COMMANDS = 
  $ ./config.status 

on huangyiqinde-MacBook-Air.local

config.status:1318: creating Makefile
config.status:1318: creating capi/Makefile
config.status:1318: creating capi/geos_c.h
config.status:1318: creating doc/Doxyfile
config.status:1318: creating doc/Makefile
config.status:1318: creating macros/Makefile
config.status:1318: creating src/Makefile
config.status:1318: creating src/algorithm/Makefile
config.status:1318: creating src/algorithm/locate/Makefile
config.status:1318: creating src/algorithm/distance/Makefile
config.status:1318: creating src/geom/Makefile
config.status:1318: creating src/geom/prep/Makefile
config.status:1318: creating src/geom/util/Makefile
config.status:1318: creating src/geomgraph/Makefile
config.status:1318: creating src/geomgraph/index/Makefile
config.status:1318: creating include/Makefile
config.status:1318: creating include/geos/Makefile
config.status:1318: creating include/geos/algorithm/Makefile
config.status:1318: creating include/geos/algorithm/locate/Makefile
config.status:1318: creating include/geos/algorithm/distance/Makefile
config.status:1318: creating include/geos/geom/Makefile
config.status:1318: creating include/geos/geom/prep/Makefile
config.status:1318: creating include/geos/geom/util/Makefile
config.status:1318: creating include/geos/geomgraph/Makefile
config.status:1318: creating include/geos/geomgraph/index/Makefile
config.status:1318: creating include/geos/index/Makefile
config.status:1318: creating include/geos/index/bintree/Makefile
config.status:1318: creating include/geos/index/chain/Makefile
config.status:1318: creating include/geos/index/intervalrtree/Makefile
config.status:1318: creating include/geos/index/quadtree/Makefile
config.status:1318: creating include/geos/index/strtree/Makefile
config.status:1318: creating include/geos/index/sweepline/Makefile
config.status:1318: creating include/geos/io/Makefile
config.status:1318: creating include/geos/linearref/Makefile
config.status:1318: creating include/geos/noding/Makefile
config.status:1318: creating include/geos/noding/snapround/Makefile
config.status:1318: creating include/geos/operation/Makefile
config.status:1318: creating include/geos/operation/buffer/Makefile
config.status:1318: creating include/geos/operation/distance/Makefile
config.status:1318: creating include/geos/operation/linemerge/Makefile
config.status:1318: creating include/geos/operation/overlay/Makefile
config.status:1318: creating include/geos/operation/overlay/snap/Makefile
config.status:1318: creating include/geos/operation/polygonize/Makefile
config.status:1318: creating include/geos/operation/predicate/Makefile
config.status:1318: creating include/geos/operation/relate/Makefile
config.status:1318: creating include/geos/operation/sharedpaths/Makefile
config.status:1318: creating include/geos/operation/union/Makefile
config.status:1318: creating include/geos/operation/valid/Makefile
config.status:1318: creating include/geos/planargraph/Makefile
config.status:1318: creating include/geos/planargraph/algorithm/Makefile
config.status:1318: creating include/geos/precision/Makefile
config.status:1318: creating include/geos/simplify/Makefile
config.status:1318: creating include/geos/triangulate/Makefile
config.status:1318: creating include/geos/triangulate/quadedge/Makefile
config.status:1318: creating include/geos/util/Makefile
config.status:1318: creating include/geos/version.h
config.status:1318: creating src/index/Makefile
config.status:1318: creating src/index/bintree/Makefile
config.status:1318: creating src/index/chain/Makefile
config.status:1318: creating src/index/intervalrtree/Makefile
config.status:1318: creating src/index/quadtree/Makefile
config.status:1318: creating src/index/strtree/Makefile
config.status:1318: creating src/index/sweepline/Makefile
config.status:1318: creating src/io/Makefile
config.status:1318: creating src/linearref/Makefile
config.status:1318: creating src/noding/Makefile
config.status:1318: creating src/noding/snapround/Makefile
config.status:1318: creating src/operation/Makefile
config.status:1318: creating src/operation/buffer/Makefile
config.status:1318: creating src/operation/distance/Makefile
config.status:1318: creating src/operation/linemerge/Makefile
config.status:1318: creating src/operation/overlay/Makefile
config.status:1318: creating src/operation/polygonize/Makefile
config.status:1318: creating src/operation/predicate/Makefile
config.status:1318: creating src/operation/relate/Makefile
config.status:1318: creating src/operation/sharedpaths/Makefile
config.status:1318: creating src/operation/union/Makefile
config.status:1318: creating src/operation/valid/Makefile
config.status:1318: creating src/planargraph/Makefile
config.status:1318: creating src/precision/Makefile
config.status:1318: creating src/simplify/Makefile
config.status:1318: creating src/triangulate/Makefile
config.status:1318: creating src/triangulate/quadedge/Makefile
config.status:1318: creating src/util/Makefile
config.status:1318: creating swig/geos.i
config.status:1318: creating swig/Makefile
config.status:1318: creating swig/python/Makefile
config.status:1318: creating swig/python/tests/Makefile
config.status:1318: creating swig/ruby/Makefile
config.status:1318: creating swig/ruby/test/Makefile
config.status:1318: creating php/Makefile
config.status:1318: creating php/test/Makefile
config.status:1318: creating tests/Makefile
config.status:1318: creating tests/bigtest/Makefile
config.status:1318: creating tests/unit/Makefile
config.status:1318: creating tests/perf/Makefile
config.status:1318: creating tests/perf/operation/Makefile
config.status:1318: creating tests/perf/operation/buffer/Makefile
config.status:1318: creating tests/perf/operation/predicate/Makefile
config.status:1318: creating tests/perf/capi/Makefile
config.status:1318: creating tests/xmltester/Makefile
config.status:1318: creating tests/geostest/Makefile
config.status:1318: creating tests/thread/Makefile
config.status:1318: creating tools/Makefile
config.status:1318: creating tools/geos-config
config.status:1318: creating include/config.h
config.status:1318: creating include/geos/platform.h
config.status:1546: executing depfiles commands
config.status:1546: executing libtool commands

## ---------------- ##
## Cache variables. ##
## ---------------- ##

ac_cv_build=x86_64-apple-darwin17.7.0
ac_cv_c_compiler_gnu=yes
ac_cv_c_const=yes
ac_cv_cxx_compiler_gnu=yes
ac_cv_env_CCC_set=
ac_cv_env_CCC_value=
ac_cv_env_CC_set=
ac_cv_env_CC_value=
ac_cv_env_CFLAGS_set=
ac_cv_env_CFLAGS_value=
ac_cv_env_CPPFLAGS_set=
ac_cv_env_CPPFLAGS_value=
ac_cv_env_CPP_set=
ac_cv_env_CPP_value=
ac_cv_env_CXXCPP_set=
ac_cv_env_CXXCPP_value=
ac_cv_env_CXXFLAGS_set=
ac_cv_env_CXXFLAGS_value=
ac_cv_env_CXX_set=
ac_cv_env_CXX_value=
ac_cv_env_LDFLAGS_set=
ac_cv_env_LDFLAGS_value=
ac_cv_env_LIBS_set=
ac_cv_env_LIBS_value=
ac_cv_env_build_alias_set=
ac_cv_env_build_alias_value=
ac_cv_env_host_alias_set=
ac_cv_env_host_alias_value=
ac_cv_env_target_alias_set=
ac_cv_env_target_alias_value=
ac_cv_finite=yes
ac_cv_func__doprnt=no
ac_cv_func_alloca_works=yes
ac_cv_func_closedir_void=no
ac_cv_func_gettimeofday=yes
ac_cv_func_memcmp_working=yes
ac_cv_func_memcpy=yes
ac_cv_func_strchr=yes
ac_cv_func_strftime=yes
ac_cv_func_vprintf=yes
ac_cv_header_dirent_dirent_h=yes
ac_cv_header_dlfcn_h=yes
ac_cv_header_ieeefp_h=no
ac_cv_header_inttypes_h=yes
ac_cv_header_memory_h=yes
ac_cv_header_stat_broken=no
ac_cv_header_stdc=yes
ac_cv_header_stdint_h=yes
ac_cv_header_stdlib_h=yes
ac_cv_header_string_h=yes
ac_cv_header_strings_h=yes
ac_cv_header_sys_file_h=yes
ac_cv_header_sys_stat_h=yes
ac_cv_header_sys_time_h=yes
ac_cv_header_sys_types_h=yes
ac_cv_header_unistd_h=yes
ac_cv_host=x86_64-apple-darwin17.7.0
ac_cv_isfinite=yes
ac_cv_isnan=yes
ac_cv_lib_dl_dlopen=yes
ac_cv_objext=o
ac_cv_path_EGREP='/usr/bin/grep -E'
ac_cv_path_FGREP='/usr/bin/grep -F'
ac_cv_path_GREP=/usr/bin/grep
ac_cv_path_SED=/usr/bin/sed
ac_cv_path_install='/usr/bin/install -c'
ac_cv_prog_AWK=awk
ac_cv_prog_CPP='gcc -E'
ac_cv_prog_CXXCPP='g++ -E'
ac_cv_prog_ac_ct_AR=ar
ac_cv_prog_ac_ct_CC=gcc
ac_cv_prog_ac_ct_CXX=g++
ac_cv_prog_ac_ct_DSYMUTIL=dsymutil
ac_cv_prog_ac_ct_LIPO=lipo
ac_cv_prog_ac_ct_NMEDIT=nmedit
ac_cv_prog_ac_ct_OBJDUMP=objdump
ac_cv_prog_ac_ct_OTOOL=otool
ac_cv_prog_ac_ct_RANLIB=ranlib
ac_cv_prog_ac_ct_STRIP=strip
ac_cv_prog_cc_c89=
ac_cv_prog_cc_g=yes
ac_cv_prog_cxx_g=yes
ac_cv_prog_make_make_set=yes
ac_cv_search_opendir='none required'
ac_cv_search_strerror='none required'
ac_cv_struct_tm=time.h
ac_cv_target=x86_64-apple-darwin17.7.0
ac_cv_type_size_t=yes
ac_cv_working_alloca_h=yes
am_cv_CC_dependencies_compiler_type=gcc3
am_cv_CXX_dependencies_compiler_type=gcc3
dummy_cv_ansi=yes
dummy_cv_ffloat_store=no
dummy_cv_no_long_long=yes
dummy_cv_pedantic=yes
dummy_cv_wall=yes
lt_cv_apple_cc_single_mod=yes
lt_cv_deplibs_check_method=pass_all
lt_cv_dlopen=dlopen
lt_cv_dlopen_libs=-ldl
lt_cv_dlopen_self=yes
lt_cv_dlopen_self_static=yes
lt_cv_file_magic_cmd='$MAGIC_CMD'
lt_cv_file_magic_test_file=
lt_cv_ld_exported_symbols_list=yes
lt_cv_ld_reload_flag=-r
lt_cv_nm_interface='BSD nm'
lt_cv_objdir=.libs
lt_cv_path_LD=/Library/Developer/CommandLineTools/usr/bin/ld
lt_cv_path_LDCXX=/Library/Developer/CommandLineTools/usr/bin/ld
lt_cv_path_NM='/usr/bin/nm -B'
lt_cv_prog_compiler_c_o=yes
lt_cv_prog_compiler_c_o_CXX=yes
lt_cv_prog_compiler_pic_works=yes
lt_cv_prog_compiler_pic_works_CXX=yes
lt_cv_prog_compiler_rtti_exceptions=yes
lt_cv_prog_compiler_static_works=no
lt_cv_prog_compiler_static_works_CXX=no
lt_cv_prog_gnu_ld=no
lt_cv_prog_gnu_ldcxx=no
lt_cv_sys_global_symbol_pipe='sed -n -e '\''s/^.*[	 ]\([BCDEGRST][BCDEGRST]*\)[	 ][	 ]*_\([_A-Za-z][_A-Za-z0-9]*\)$/\1 _\2 \2/p'\'''
lt_cv_sys_global_symbol_to_c_name_address='sed -n -e '\''s/^: \([^ ]*\) $/  {\"\1\", (void *) 0},/p'\'' -e '\''s/^[BCDEGRST]* \([^ ]*\) \([^ ]*\)$/  {"\2", (void *) \&\2},/p'\'''
lt_cv_sys_global_symbol_to_c_name_address_lib_prefix='sed -n -e '\''s/^: \([^ ]*\) $/  {\"\1\", (void *) 0},/p'\'' -e '\''s/^[BCDEGRST]* \([^ ]*\) \(lib[^ ]*\)$/  {"\2", (void *) \&\2},/p'\'' -e '\''s/^[BCDEGRST]* \([^ ]*\) \([^ ]*\)$/  {"lib\2", (void *) \&\2},/p'\'''
lt_cv_sys_global_symbol_to_cdecl='sed -n -e '\''s/^T .* \(.*\)$/extern int \1();/p'\'' -e '\''s/^[BCDEGRST]* .* \(.*\)$/extern char \1;/p'\'''
lt_cv_sys_max_cmd_len=196608
pgac_cv_type_int64_t_64=no
pgac_cv_type_long_int_64=yes

## ----------------- ##
## Output variables. ##
## ----------------- ##

ACLOCAL='${SHELL} /Users/ctps930080/Documents/bentomap/geos-3.4.2/missing --run aclocal-1.11'
ALLOCA=''
AMDEPBACKSLASH='\'
AMDEP_FALSE='#'
AMDEP_TRUE=''
AMTAR='${SHELL} /Users/ctps930080/Documents/bentomap/geos-3.4.2/missing --run tar'
AM_CFLAGS='  -pedantic -Wall -ansi -Wno-long-long '
AM_CXXFLAGS=' -DGEOS_INLINE  -pedantic -Wall -ansi -Wno-long-long '
AR='ar'
AS='as'
AUTOCONF='${SHELL} /Users/ctps930080/Documents/bentomap/geos-3.4.2/missing --run autoconf'
AUTOHEADER='${SHELL} /Users/ctps930080/Documents/bentomap/geos-3.4.2/missing --run autoheader'
AUTOMAKE='${SHELL} /Users/ctps930080/Documents/bentomap/geos-3.4.2/missing --run automake-1.11'
AWK='awk'
CAPI_INTERFACE_AGE='8'
CAPI_INTERFACE_CURRENT='9'
CAPI_INTERFACE_REVISION='2'
CAPI_VERSION='1.8.2'
CAPI_VERSION_MAJOR='1'
CAPI_VERSION_MINOR='8'
CAPI_VERSION_PATCH='2'
CC='gcc'
CCDEPMODE='depmode=gcc3'
CFLAGS='-g -O2'
CPP='gcc -E'
CPPFLAGS=''
CXX='g++'
CXXCPP='g++ -E'
CXXDEPMODE='depmode=gcc3'
CXXFLAGS='-g -O2'
CYGPATH_W='echo'
DEFS='-DHAVE_CONFIG_H'
DEPDIR='.deps'
DLLTOOL='dlltool'
DSYMUTIL='dsymutil'
DUMPBIN=''
ECHO_C='\c'
ECHO_N=''
ECHO_T=''
EGREP='/usr/bin/grep -E'
ENABLE_PHP_FALSE=''
ENABLE_PHP_TRUE='#'
ENABLE_PYTHON_FALSE=''
ENABLE_PYTHON_TRUE='#'
ENABLE_RUBY_FALSE=''
ENABLE_RUBY_TRUE='#'
ENABLE_SWIG_FALSE=''
ENABLE_SWIG_TRUE='#'
EXEEXT=''
FGREP='/usr/bin/grep -F'
GREP='/usr/bin/grep'
HAVE_PHP_FALSE=''
HAVE_PHP_TRUE='#'
HAVE_PHP_UNIT_FALSE=''
HAVE_PHP_UNIT_TRUE='#'
INLINE_FLAGS='-DGEOS_INLINE'
INSTALL_DATA='${INSTALL} -m 644'
INSTALL_PROGRAM='${INSTALL}'
INSTALL_SCRIPT='${INSTALL}'
INSTALL_STRIP_PROGRAM='$(install_sh) -c -s'
INTERFACE_AGE=''
INTERFACE_CURRENT=''
INTERFACE_REVISION=''
JTS_PORT='1.12.0'
LD='/Library/Developer/CommandLineTools/usr/bin/ld'
LDFLAGS=''
LIBOBJS=''
LIBS=''
LIBTOOL='$(SHELL) $(top_builddir)/libtool'
LIPO='lipo'
LN_S='ln -s'
LTLIBOBJS=''
MAINT='#'
MAINTAINER_MODE_FALSE=''
MAINTAINER_MODE_TRUE='#'
MAKEINFO='${SHELL} /Users/ctps930080/Documents/bentomap/geos-3.4.2/missing --run makeinfo'
MKDIR_P='./install-sh -c -d'
NM='/usr/bin/nm -B'
NMEDIT='nmedit'
OBJDUMP='objdump'
OBJEXT='o'
OTOOL64=':'
OTOOL='otool'
PACKAGE='geos'
PACKAGE_BUGREPORT=''
PACKAGE_NAME=''
PACKAGE_STRING=''
PACKAGE_TARNAME=''
PACKAGE_URL=''
PACKAGE_VERSION=''
PATH_SEPARATOR=':'
PHP=''
PHPUNIT=''
PHP_CONFIG=''
PYTHON=''
PYTHON_CPPFLAGS=''
PYTHON_EXEC_PREFIX=''
PYTHON_EXTRA_LIBS=''
PYTHON_LDFLAGS=''
PYTHON_PLATFORM=''
PYTHON_PREFIX=''
PYTHON_SITE_PKG=''
PYTHON_VERSION=''
RANLIB='ranlib'
RUBY=''
RUBY_BIN_DIR=''
RUBY_EXTENSION_DIR=''
RUBY_INCLUDE_DIR=''
RUBY_LIB_DIR=''
RUBY_SHARED_LIB=''
RUBY_SITE_ARCH=''
RUBY_SO_NAME=''
RUBY_VERSION=''
SED='/usr/bin/sed'
SET_MAKE=''
SHELL='/bin/sh'
STRIP='strip'
SWIG=''
SWIG_LIB=''
SWIG_PYTHON_CPPFLAGS=''
SWIG_PYTHON_OPT=''
VERSION='3.4.2'
VERSION_MAJOR='3'
VERSION_MINOR='4'
VERSION_PATCH='2'
ac_ct_CC='gcc'
ac_ct_CXX='g++'
ac_ct_DUMPBIN=''
am__EXEEXT_FALSE=''
am__EXEEXT_TRUE='#'
am__fastdepCC_FALSE='#'
am__fastdepCC_TRUE=''
am__fastdepCXX_FALSE='#'
am__fastdepCXX_TRUE=''
am__include='include'
am__isrc=''
am__leading_dot='.'
am__quote=''
am__tar='${AMTAR} chof - "$$tardir"'
am__untar='${AMTAR} xf -'
bindir='${exec_prefix}/bin'
build='x86_64-apple-darwin17.7.0'
build_alias=''
build_cpu='x86_64'
build_os='darwin17.7.0'
build_vendor='apple'
datadir='${datarootdir}'
datarootdir='${prefix}/share'
docdir='${datarootdir}/doc/${PACKAGE}'
dvidir='${docdir}'
exec_prefix='${prefix}'
host='x86_64-apple-darwin17.7.0'
host_alias=''
host_cpu='x86_64'
host_os='darwin17.7.0'
host_vendor='apple'
htmldir='${docdir}'
includedir='${prefix}/include'
infodir='${datarootdir}/info'
install_sh='${SHELL} /Users/ctps930080/Documents/bentomap/geos-3.4.2/install-sh'
libdir='${exec_prefix}/lib'
libexecdir='${exec_prefix}/libexec'
localedir='${datarootdir}/locale'
localstatedir='${prefix}/var'
lt_ECHO='/bin/echo'
mandir='${datarootdir}/man'
mkdir_p='$(top_builddir)/./install-sh -c -d'
oldincludedir='/usr/include'
pdfdir='${docdir}'
pkgpyexecdir=''
pkgpythondir=''
prefix='/usr/local'
program_transform_name='s,x,x,'
psdir='${docdir}'
pyexecdir=''
pythondir=''
sbindir='${exec_prefix}/sbin'
sharedstatedir='${prefix}/com'
sysconfdir='${prefix}/etc'
target='x86_64-apple-darwin17.7.0'
target_alias=''
target_cpu='x86_64'
target_os='darwin17.7.0'
target_vendor='apple'

## ----------- ##
## confdefs.h. ##
## ----------- ##

/* confdefs.h */
#define PACKAGE_NAME ""
#define PACKAGE_TARNAME ""
#define PACKAGE_VERSION ""
#define PACKAGE_STRING ""
#define PACKAGE_BUGREPORT ""
#define PACKAGE_URL ""
#define STDC_HEADERS 1
#define HAVE_SYS_TYPES_H 1
#define HAVE_SYS_STAT_H 1
#define HAVE_STDLIB_H 1
#define HAVE_STRING_H 1
#define HAVE_MEMORY_H 1
#define HAVE_STRINGS_H 1
#define HAVE_INTTYPES_H 1
#define HAVE_STDINT_H 1
#define HAVE_UNISTD_H 1
#define HAVE_DLFCN_H 1
#define LT_OBJDIR ".libs/"
#define HAVE_DIRENT_H 1
#define HAVE_STRFTIME 1
#define HAVE_VPRINTF 1
#define HAVE_ALLOCA_H 1
#define HAVE_ALLOCA 1
#define HAVE_DIRENT_H 1
#define STDC_HEADERS 1
#define HAVE_MEMORY_H 1
#define HAVE_UNISTD_H 1
#define HAVE_SYS_FILE_H 1
#define HAVE_SYS_TIME_H 1
#define HAVE_STRCHR 1
#define HAVE_MEMCPY 1
#define HAVE_GETTIMEOFDAY 1
#define HAVE_FINITE 1
#define HAVE_ISFINITE 1
#define HAVE_ISNAN 1
#define HAVE_LONG_INT_64 1

configure: exit 0
